app/build/outputs/mapping/release/seeds.txt
com.example.basic_views_activity.MainActivity
com.example.basic_views_activity.R$mipmap
com.example.basic_views_activity.R$dimen
com.example.basic_views_activity.R$menu
com.example.basic_views_activity.databinding.ActivityMainBinding
com.example.basic_views_activity.R$drawable
com.example.basic_views_activity.R
com.example.basic_views_activity.R$layout
com.example.basic_views_activity.R$xml
com.example.basic_views_activity.R$string
com.example.basic_views_activity.R$id
com.example.basic_views_activity.R$id: int action_settings
com.example.basic_views_activity.R$menu: int menu_main
com.example.basic_views_activity.R$string: int next
com.example.basic_views_activity.R$mipmap: int ic_launcher
com.example.basic_views_activity.databinding.ActivityMainBinding: android.widget.TextView rootView
com.example.basic_views_activity.R$string: int lorem_ipsum
com.example.basic_views_activity.R$string: int previous
com.example.basic_views_activity.R$drawable: int ic_launcher_foreground
com.example.basic_views_activity.R$xml: int data_extraction_rules
com.example.basic_views_activity.R$string: int app_name
com.example.basic_views_activity.R$xml: int backup_rules
com.example.basic_views_activity.R$drawable: int ic_launcher_background
com.example.basic_views_activity.R$string: int action_settings
com.example.basic_views_activity.R$string: int first_fragment_label
com.example.basic_views_activity.MainActivity: com.example.basic_views_activity.databinding.ActivityMainBinding binding
com.example.basic_views_activity.R$dimen: int fab_margin
com.example.basic_views_activity.R$mipmap: int ic_launcher_round
com.example.basic_views_activity.R$layout: int activity_main
com.example.basic_views_activity.R$string: int second_fragment_label
com.example.basic_views_activity.R$string: R$string()
com.example.basic_views_activity.databinding.ActivityMainBinding: com.example.basic_views_activity.databinding.ActivityMainBinding inflate(android.view.LayoutInflater,android.view.ViewGroup,boolean)
com.example.basic_views_activity.MainActivity: MainActivity()
com.example.basic_views_activity.R$xml: R$xml()
com.example.basic_views_activity.R$dimen: R$dimen()
com.example.basic_views_activity.R$drawable: R$drawable()
com.example.basic_views_activity.databinding.ActivityMainBinding: android.widget.TextView getRoot()
com.example.basic_views_activity.R: R()
com.example.basic_views_activity.R$mipmap: R$mipmap()
com.example.basic_views_activity.R$menu: R$menu()
com.example.basic_views_activity.databinding.ActivityMainBinding: android.view.View getRoot()
com.example.basic_views_activity.R$id: R$id()
com.example.basic_views_activity.R$layout: R$layout()
com.example.basic_views_activity.MainActivity: void onCreate(android.os.Bundle)
com.example.basic_views_activity.databinding.ActivityMainBinding: com.example.basic_views_activity.databinding.ActivityMainBinding bind(android.view.View)
com.example.basic_views_activity.databinding.ActivityMainBinding: ActivityMainBinding(android.widget.TextView)
com.example.basic_views_activity.databinding.ActivityMainBinding: com.example.basic_views_activity.databinding.ActivityMainBinding inflate(android.view.LayoutInflater)
...
androidx.core.app.RemoteActionCompatParcelizer: void write(androidx.core.app.RemoteActionCompat,androidx.versionedparcelable.VersionedParcel)
androidx.appcompat.widget.ActionBarContainer: void setSplitBackground(android.graphics.drawable.Drawable)
androidx.appcompat.widget.Toolbar: void setNavigationContentDescription(int)
androidx.appcompat.view.menu.ListMenuItemView: void setChecked(boolean)
androidx.appcompat.widget.ActionBarOverlayLayout: void setUiOptions(int)
androidx.appcompat.widget.AppCompatImageButton: void setSupportBackgroundTintMode(android.graphics.PorterDuff$Mode)
androidx.appcompat.widget.AppCompatTextView: android.view.textclassifier.TextClassifier getTextClassifier()
androidx.appcompat.widget.LinearLayoutCompat: void setOrientation(int)
androidx.appcompat.widget.AppCompatImageButton: android.content.res.ColorStateList getSupportImageTintList()
androidx.appcompat.widget.SearchView: void setOnQueryTextFocusChangeListener(android.view.View$OnFocusChangeListener)
androidx.appcompat.widget.ActionMenuView: void setPresenter(androidx.appcompat.widget.ActionMenuPresenter)
androidx.core.view.WindowInsetsCompat$Impl: int hashCode()
androidx.appcompat.widget.LinearLayoutCompat: void setDividerPadding(int)
androidx.core.view.WindowInsetsCompat$Impl29: WindowInsetsCompat$Impl29(androidx.core.view.WindowInsetsCompat,android.view.WindowInsets)
androidx.appcompat.widget.Toolbar: void setSubtitle(java.lang.CharSequence)
androidx.vectordrawable.graphics.drawable.VectorDrawableCompat$VGroup: float getScaleX()
androidx.appcompat.widget.AppCompatAutoCompleteTextView: void setSupportBackgroundTintMode(android.graphics.PorterDuff$Mode)
androidx.appcompat.widget.Toolbar: void setTitleTextColor(int)
androidx.core.view.WindowInsetsCompat$Impl28: androidx.core.view.DisplayCutoutCompat getDisplayCutout()
androidx.vectordrawable.graphics.drawable.VectorDrawableCompat$VGroup: void setScaleX(float)
androidx.appcompat.widget.ActionBarContextView: void setCustomView(android.view.View)
androidx.appcompat.widget.ViewStubCompat: ViewStubCompat(android.content.Context,android.util.AttributeSet)
androidx.appcompat.widget.AppCompatTextViewAutoSizeHelper$Impl23: AppCompatTextViewAutoSizeHelper$Impl23()
androidx.vectordrawable.graphics.drawable.VectorDrawableCompat$VGroup: float getScaleY()
androidx.appcompat.widget.AppCompatImageView: android.content.res.ColorStateList getSupportImageTintList()
androidx.appcompat.widget.AppCompatTextView: int getAutoSizeMaxTextSize()
androidx.appcompat.widget.Toolbar: int getContentInsetEnd()
androidx.appcompat.widget.FitWindowsFrameLayout: void setOnFitSystemWindowsListener(androidx.appcompat.widget.FitWindowsViewGroup$OnFitSystemWindowsListener)
androidx.appcompat.widget.ButtonBarLayout: int getMinimumHeight()
androidx.appcompat.widget.ContentFrameLayout: android.util.TypedValue getMinWidthMinor()
androidx.appcompat.widget.ActionBarOverlayLayout: ActionBarOverlayLayout(android.content.Context,android.util.AttributeSet)
androidx.appcompat.widget.ActionMenuView: void setOverflowReserved(boolean)
androidx.appcompat.widget.ContentFrameLayout: android.util.TypedValue getFixedWidthMajor()
androidx.appcompat.widget.AppCompatImageView: void setBackgroundResource(int)
androidx.appcompat.widget.ActionBarOverlayLayout: int getNestedScrollAxes()
androidx.vectordrawable.graphics.drawable.VectorDrawableCompat$VFullPath: float getTrimPathOffset()
androidx.appcompat.widget.ActionBarContextView: int getAnimatedVisibility()
androidx.appcompat.view.menu.ListMenuItemView: void setSubMenuArrowVisible(boolean)
androidx.appcompat.widget.ActionBarContextView: java.lang.CharSequence getTitle()
androidx.appcompat.widget.Toolbar: void setNavigationOnClickListener(android.view.View$OnClickListener)
androidx.appcompat.widget.ActionBarOverlayLayout: void setHasNonEmbeddedTabs(boolean)
androidx.appcompat.widget.Toolbar: void setCollapseContentDescription(int)