app/build/outputs/mapping/release/mapping.txt
# compiler: R8
# compiler_version: 8.6.17
# min_api: 28
# common_typos_disable
# {"id":"com.android.tools.r8.mapping","version":"2.2"}
# pg_map_id: f20078f
# pg_map_hash: SHA-256 f20078f6eeb62ed43e306a1c848218bee01905b1d59c3ad40bccaa69e89b127c
com.example.basic_views_activity.MainActivity -> com.example.basic_views_activity.MainActivity:
# {"id":"sourceFile","fileName":"MainActivity.java"}
    0:3:void <init>():9:9 -> <init>
    0:2:void onCreate(android.os.Bundle):15:15 -> onCreate
    3:12:void onCreate(android.os.Bundle):17:17 -> onCreate
    13:20:void onCreate(android.os.Bundle):18:18 -> onCreate
com.example.basic_views_activity.databinding.ActivityMainBinding -> com.example.basic_views_activity.databinding.ActivityMainBinding:
# {"id":"sourceFile","fileName":"ActivityMainBinding.java"}
    0:2:void <init>(android.widget.TextView):19:19 -> <init>
    3:5:void <init>(android.widget.TextView):20:20 -> <init>
    2:9:com.example.basic_views_activity.databinding.ActivityMainBinding bind(android.view.View):50:50 -> bind
    10:17:com.example.basic_views_activity.databinding.ActivityMainBinding bind(android.view.View):47:47 -> bind
    1:1:android.view.View getRoot():15:15 -> getRoot
    2:2:android.widget.TextView getRoot():26:26 -> getRoot
    1:1:com.example.basic_views_activity.databinding.ActivityMainBinding inflate(android.view.LayoutInflater):31:31 -> inflate
    2:2:com.example.basic_views_activity.databinding.ActivityMainBinding inflate(android.view.LayoutInflater,android.view.ViewGroup,boolean):37:37 -> inflate
    3:3:com.example.basic_views_activity.databinding.ActivityMainBinding inflate(android.view.LayoutInflater,android.view.ViewGroup,boolean):39:39 -> inflate
    4:4:com.example.basic_views_activity.databinding.ActivityMainBinding inflate(android.view.LayoutInflater,android.view.ViewGroup,boolean):41:41 -> inflate
...
androidx.core.provider.FontsContractCompat$FontInfo -> m.f:
# {"id":"sourceFile","fileName":"FontsContractCompat.java"}
    android.net.Uri mUri -> a
    int mTtcIndex -> b
    int mWeight -> c
    boolean mItalic -> d
    int mResultCode -> e
    0:2:void <init>(android.net.Uri,int,int,boolean,int):346:346 -> <init>
    3:5:java.lang.Object androidx.core.util.Preconditions.checkNotNull(java.lang.Object):64:64 -> <init>
    3:5:void <init>(android.net.Uri,int,int,boolean,int):347 -> <init>
    6:7:void <init>(android.net.Uri,int,int,boolean,int):347:347 -> <init>
    8:9:void <init>(android.net.Uri,int,int,boolean,int):348:348 -> <init>
    10:11:void <init>(android.net.Uri,int,int,boolean,int):349:349 -> <init>
    12:13:void <init>(android.net.Uri,int,int,boolean,int):350:350 -> <init>
    14:16:void <init>(android.net.Uri,int,int,boolean,int):351:351 -> <init>
androidx.core.provider.FontsContractCompat$TypefaceResult -> m.g:
# {"id":"sourceFile","fileName":"FontsContractCompat.java"}
    android.graphics.Typeface mTypeface -> a
    int mResult -> b
    0:2:void <init>(android.graphics.Typeface,int):211:211 -> <init>
    3:4:void <init>(android.graphics.Typeface,int):212:212 -> <init>
    5:7:void <init>(android.graphics.Typeface,int):213:213 -> <init>
androidx.core.provider.SelfDestructiveThread$1 -> m.i:
# {"id":"sourceFile","fileName":"SelfDestructiveThread.java"}
    androidx.core.provider.SelfDestructiveThread this$0 -> a
      # {"id":"com.android.tools.r8.residualsignature","signature":"Lg/a;"}
    0:5:void <init>(androidx.core.provider.SelfDestructiveThread):58:58 -> <init>
      # {"id":"com.android.tools.r8.residualsignature","signature":"(Lg/a;)V"}
    0:7:boolean handleMessage(android.os.Message):61:61 -> handleMessage
    8:16:boolean handleMessage(android.os.Message):63:63 -> handleMessage
    17:19:void androidx.core.provider.SelfDestructiveThread.onInvokeRunnable(java.lang.Runnable):214:214 -> handleMessage
    17:19:boolean handleMessage(android.os.Message):63 -> handleMessage
    20:22:void androidx.core.provider.SelfDestructiveThread.onInvokeRunnable(java.lang.Runnable):215:215 -> handleMessage
    20:22:boolean handleMessage(android.os.Message):63 -> handleMessage
    23:30:void androidx.core.provider.SelfDestructiveThread.onInvokeRunnable(java.lang.Runnable):216:216 -> handleMessage
    23:30:boolean handleMessage(android.os.Message):63 -> handleMessage
    31:44:void androidx.core.provider.SelfDestructiveThread.onInvokeRunnable(java.lang.Runnable):217:217 -> handleMessage
    31:44:boolean handleMessage(android.os.Message):63 -> handleMessage
    45:49:void androidx.core.provider.SelfDestructiveThread.onInvokeRunnable(java.lang.Runnable):219:219 -> handleMessage
androidx.core.provider.SelfDestructiveThread$2 -> m.j:
# {"id":"sourceFile","fileName":"SelfDestructiveThread.java"}
    java.util.concurrent.Callable val$callable -> a
      # {"id":"com.android.tools.r8.residualsignature","signature":"Lm/b;"}
    android.os.Handler val$callingHandler -> b
    androidx.core.provider.SelfDestructiveThread$ReplyCallback val$reply -> c
      # {"id":"com.android.tools.r8.residualsignature","signature":"Lm/c;"}
    0:9:void <init>(androidx.core.provider.SelfDestructiveThread,java.util.concurrent.Callable,android.os.Handler,androidx.core.provider.SelfDestructiveThread$ReplyCallback):137:137 -> <init>
      # {"id":"com.android.tools.r8.residualsignature","signature":"(Lm/b;Landroid/os/Handler;Lm/c;)V"}
    0:7:void run():142:142 -> run
    8:19:void run():147:147 -> run