app/build/outputs/mapping/release/usage.txt
androidx.appcompat.R$styleable:
    public static int ActionBarLayout_android_layout_gravity
    public static int ActionBar_background
    public static int ActionBar_backgroundSplit
    public static int ActionBar_backgroundStacked
    public static int ActionBar_contentInsetEnd
    public static int ActionBar_contentInsetStart
    public static int ActionBar_customNavigationLayout
    public static int ActionBar_displayOptions
    public static int ActionBar_height
    public static int ActionBar_homeAsUpIndicator
    public static int ActionBar_icon
    public static int ActionBar_logo
    public static int ActionBar_popupTheme
    public static int ActionBar_subtitle
    public static int ActionBar_subtitleTextStyle
    public static int ActionBar_title
    public static int ActionBar_titleTextStyle
    public static int ActionMenuItemView_android_minWidth
    public static int[] ActionMenuView
    public static int ActionMode_background
    public static int ActionMode_closeItemLayout
    public static int ActionMode_height
    public static int ActionMode_subtitleTextStyle
    public static int ActionMode_titleTextStyle
    public static int[] ActivityChooserView
    public static int[] AlertDialog
    public static int[] AnimatedStateListDrawableCompat
    public static int[] AnimatedStateListDrawableItem
    public static int[] AnimatedStateListDrawableTransition
    public static int AppCompatImageView_srcCompat
    public static int AppCompatImageView_tint
androidx.appcompat.app.ActionBar$LayoutParams
androidx.appcompat.app.AlertController$RecycleListView:
    public final int mPaddingBottomNoButtons
    public final int mPaddingTopNoTitle
androidx.appcompat.content.res.AppCompatResources$ColorStateListCacheEntry
androidx.appcompat.content.res.AppCompatResources:
    public static final java.lang.ThreadLocal TL_TYPED_VALUE
    public static final java.util.WeakHashMap sColorStateCaches
androidx.appcompat.graphics.drawable.AnimatedStateListDrawableCompat$1
androidx.appcompat.graphics.drawable.AnimatedStateListDrawableCompat$AnimatableTransition
androidx.appcompat.graphics.drawable.AnimatedStateListDrawableCompat$AnimatedStateListState
androidx.appcompat.graphics.drawable.AnimatedStateListDrawableCompat$AnimatedVectorDrawableTransition
androidx.appcompat.graphics.drawable.AnimatedStateListDrawableCompat$AnimationDrawableTransition
androidx.appcompat.graphics.drawable.AnimatedStateListDrawableCompat$FrameInterpolator
androidx.appcompat.graphics.drawable.AnimatedStateListDrawableCompat$Transition
androidx.appcompat.graphics.drawable.AnimatedStateListDrawableCompat
androidx.appcompat.graphics.drawable.DrawableContainer$1
androidx.appcompat.graphics.drawable.DrawableContainer$BlockInvalidateCallback
androidx.appcompat.graphics.drawable.DrawableContainer$DrawableContainerState
androidx.appcompat.graphics.drawable.DrawableContainer
androidx.appcompat.graphics.drawable.DrawableWrapper
androidx.appcompat.graphics.drawable.StateListDrawable$StateListState
androidx.appcompat.graphics.drawable.StateListDrawable
androidx.appcompat.resources.R$drawable
androidx.appcompat.resources.R$styleable
androidx.appcompat.view.ActionBarPolicy
androidx.appcompat.view.CollapsibleActionView:
    public abstract void onActionViewCollapsed()
    public abstract void onActionViewExpanded()
androidx.appcompat.view.SupportMenuInflater$MenuState$$InternalSyntheticThrowCCEIfNotNull$17$9ecab4c5b69a60981d7fa1719315f8620178f42a1f63055e4425448be2b9a3a8$0
androidx.appcompat.view.SupportMenuInflater$MenuState$$InternalSyntheticThrowCCEIfNotNull$57$e3857158a0da7435a9b2e1b12fa324b28f883d2aea0471324b2c8da6fdd6727e$0